[INFO] Scanning for projects...
[INFO] 
[INFO] ---------------------< com.gympro:gympro-backend >----------------------
[INFO] Building gympro-backend 0.0.1-SNAPSHOT
[INFO]   from pom.xml
[INFO] --------------------------------[ jar ]---------------------------------
[INFO] 
[INFO] --- clean:3.3.2:clean (default-clean) @ gympro-backend ---
[INFO] Deleting C:\Users\cssac\Downloads\fullstackapp\GymPro\gympro-backend\target
[INFO] 
[INFO] --- resources:3.3.1:resources (default-resources) @ gympro-backend ---
[INFO] Copying 1 resource from src\main\resources to target\classes
[INFO] Copying 0 resource from src\main\resources to target\classes
[INFO] 
[INFO] --- compiler:3.11.0:compile (default-compile) @ gympro-backend ---
[INFO] Changes detected - recompiling the module! :source
[INFO] Compiling 31 source files with javac [debug release 17] to target\classes
[INFO] Some messages have been simplified; recompile with -Xdiags:verbose to get full output
[INFO] -------------------------------------------------------------
[ERROR] COMPILATION ERROR : 
[INFO] -------------------------------------------------------------
[ERROR] /C:/Users/cssac/Downloads/fullstackapp/GymPro/gympro-backend/src/main/java/com/gympro/security/JwtAuthenticationFilter.java:[43,76] incompatible types: java.lang.String cannot be converted to java.lang.Throwable
[INFO] 1 error
[INFO] -------------------------------------------------------------
[INFO] ------------------------------------------------------------------------
[INFO] BUILD FAILURE
[INFO] ------------------------------------------------------------------------
[INFO] Total time:  7.047 s
[INFO] Finished at: 2026-02-27T11:01:09+05:30
[INFO] ------------------------------------------------------------------------
[ERROR] Failed to execute goal org.apache.maven.plugins:maven-compiler-plugin:3.11.0:compile (default-compile) on project gympro-backend: Compilation failure
[ERROR] /C:/Users/cssac/Downloads/fullstackapp/GymPro/gympro-backend/src/main/java/com/gympro/security/JwtAuthenticationFilter.java:[43,76] incompatible types: java.lang.String cannot be converted to java.lang.Throwable
[ERROR] 
[ERROR] -> [Help 1]
[ERROR] 
[ERROR] To see the full stack trace of the errors, re-run Maven with the -e switch.
[ERROR] Re-run Maven using the -X switch to enable full debug logging.
[ERROR] 
[ERROR] For more information about the errors and possible solutions, please read the following articles:
[ERROR] [Help 1] http://cwiki.apache.org/confluence/display/MAVEN/MojoFailureException
